<?xml version="1.0" encoding="UTF-8"?>
<!-- Generated by org.testng.reporters.JUnitReportReporter -->
<testsuite hostname="DESKTOP-6B0KB3N" failures="0" tests="1" name="classes.TestExecutor" time="45.638" errors="0" timestamp="2025-02-20T12:04:29 IST" skipped="0">
  <testcase classname="classes.TestExecutor" name="executeTestSteps" time="45.638"/>
</testsuite> <!-- classes.TestExecutor -->
