<?xml version="1.0" encoding="UTF-8"?>
<!-- Generated by org.testng.reporters.JUnitReportReporter -->
<testsuite hostname="DESKTOP-6B0KB3N" failures="0" tests="1" name="classes.TestExecutor1" time="39.255" errors="0" timestamp="2025-03-04T12:46:20 IST" skipped="0">
  <testcase classname="classes.TestExecutor1" name="executeTestSteps" time="39.255"/>
</testsuite> <!-- classes.TestExecutor1 -->
